<?xml version="1.0" encoding="UTF-8"?>
<!-- Generated by org.testng.reporters.JUnitReportReporter -->
<testsuite hostname="DESKTOP-KLMO8CO" failures="0" tests="1" name="com.tutorialsNinja.qa.testcases.Login" time="8.295" errors="0" timestamp="2024-06-22T17:04:02 IST" skipped="0">
  <testcase classname="com.tutorialsNinja.qa.testcases.Login" name="verifyLoginWithInvalidCredentials" time="8.295"/>
  <system-out/>
</testsuite> <!-- com.tutorialsNinja.qa.testcases.Login -->
