<?xml version="1.0" encoding="UTF-8"?>
<!-- Generated by org.testng.reporters.JUnitReportReporter -->
<testsuite hostname="DESKTOP-KLMO8CO" failures="0" tests="4" name="com.tutorialsNinja.qa.testcases.Register" time="35.395" errors="0" timestamp="2024-06-22T18:12:51 IST" skipped="0">
  <testcase classname="com.tutorialsNinja.qa.testcases.Register" name="VerifyRegisteringAccountWithMandatoryFields" time="11.055"/>
  <system-out/>
  <testcase classname="com.tutorialsNinja.qa.testcases.Register" name="VerifyRegisteringAccountByProvidingAllFields" time="9.495"/>
  <system-out/>
  <testcase classname="com.tutorialsNinja.qa.testcases.Register" name="VerifyRegisteringAccountByExistingEmailAddress" time="8.137"/>
  <system-out/>
  <testcase classname="com.tutorialsNinja.qa.testcases.Register" name="VerifyRegisteringAccountWithoutFillingAnyDetails" time="6.708"/>
  <system-out/>
</testsuite> <!-- com.tutorialsNinja.qa.testcases.Register -->
