<?xml version="1.0" encoding="UTF-8"?>
<!-- Generated by org.testng.reporters.JUnitReportReporter -->
<testsuite hostname="DESKTOP-KLMO8CO" failures="0" tests="5" name="com.tutorialsNinja.qa.testcases.LoginTest" time="30.578" errors="0" timestamp="2024-07-03T14:45:21 IST" skipped="0">
  <testcase classname="com.tutorialsNinja.qa.testcases.LoginTest" name="verifyLoginWithValidCredentials" time="5.184"/>
  <system-out/>
  <testcase classname="com.tutorialsNinja.qa.testcases.LoginTest" name="verifyLoginWithInvalidCredentials" time="6.400"/>
  <system-out/>
  <testcase classname="com.tutorialsNinja.qa.testcases.LoginTest" name="verifyLoginWithInvalidEmailAddressAndValidPassword" time="6.378"/>
  <system-out/>
  <testcase classname="com.tutorialsNinja.qa.testcases.LoginTest" name="verifyLoginWithValidEmailAddressAndInvalidPassword" time="6.390"/>
  <system-out/>
  <testcase classname="com.tutorialsNinja.qa.testcases.LoginTest" name="verifyLoginWithoutProvidingCredentials" time="6.226"/>
  <system-out/>
</testsuite> <!-- com.tutorialsNinja.qa.testcases.LoginTest -->
