<?xml version="1.0" encoding="UTF-8"?>
<!-- Generated by org.testng.reporters.JUnitReportReporter -->
<testsuite hostname="DESKTOP-KLMO8CO" failures="0" tests="5" name="com.tutorialsNinja.qa.testcases.LoginTest" time="30.124" errors="0" timestamp="2024-07-03T14:22:28 IST" skipped="0">
  <testcase classname="com.tutorialsNinja.qa.testcases.LoginTest" name="verifyLoginWithValidCredentials" time="5.872"/>
  <testcase classname="com.tutorialsNinja.qa.testcases.LoginTest" name="verifyLoginWithInvalidCredentials" time="5.856"/>
  <testcase classname="com.tutorialsNinja.qa.testcases.LoginTest" name="verifyLoginWithInvalidEmailAddressAndValidPassword" time="6.857"/>
  <testcase classname="com.tutorialsNinja.qa.testcases.LoginTest" name="verifyLoginWithValidEmailAddressAndInvalidPassword" time="5.824"/>
  <testcase classname="com.tutorialsNinja.qa.testcases.LoginTest" name="verifyLoginWithoutProvidingCredentials" time="5.715"/>
</testsuite> <!-- com.tutorialsNinja.qa.testcases.LoginTest -->
