<?xml version="1.0" encoding="UTF-8"?>
<!-- Generated by org.testng.reporters.JUnitReportReporter -->
<testsuite hostname="DESKTOP-KLMO8CO" failures="0" tests="4" name="com.tutorialsNinja.qa.testcases.RegisterTest" time="24.322" errors="0" timestamp="2024-07-03T14:41:30 IST" skipped="0">
  <testcase classname="com.tutorialsNinja.qa.testcases.RegisterTest" name="VerifyRegisteringAccountWithMandatoryFields" time="6.297"/>
  <testcase classname="com.tutorialsNinja.qa.testcases.RegisterTest" name="VerifyRegisteringAccountByProvidingAllFields" time="6.885"/>
  <testcase classname="com.tutorialsNinja.qa.testcases.RegisterTest" name="VerifyRegisteringAccountByExistingEmailAddress" time="6.000"/>
  <testcase classname="com.tutorialsNinja.qa.testcases.RegisterTest" name="VerifyRegisteringAccountWithoutFillingAnyDetails" time="5.140"/>
</testsuite> <!-- com.tutorialsNinja.qa.testcases.RegisterTest -->
