<?xml version="1.0" encoding="UTF-8"?>
<!-- Generated by org.testng.reporters.JUnitReportReporter -->
<testsuite hostname="DESKTOP-KLMO8CO" failures="0" tests="5" name="com.tutorialsNinja.qa.testcases.LoginTest" time="28.834" errors="0" timestamp="2024-07-03T14:41:30 IST" skipped="0">
  <testcase classname="com.tutorialsNinja.qa.testcases.LoginTest" name="verifyLoginWithValidCredentials" time="5.752"/>
  <testcase classname="com.tutorialsNinja.qa.testcases.LoginTest" name="verifyLoginWithInvalidCredentials" time="5.779"/>
  <testcase classname="com.tutorialsNinja.qa.testcases.LoginTest" name="verifyLoginWithInvalidEmailAddressAndValidPassword" time="6.182"/>
  <testcase classname="com.tutorialsNinja.qa.testcases.LoginTest" name="verifyLoginWithValidEmailAddressAndInvalidPassword" time="6.246"/>
  <testcase classname="com.tutorialsNinja.qa.testcases.LoginTest" name="verifyLoginWithoutProvidingCredentials" time="4.875"/>
</testsuite> <!-- com.tutorialsNinja.qa.testcases.LoginTest -->
