<?xml version="1.0" encoding="UTF-8"?>
<!-- Generated by org.testng.reporters.JUnitReportReporter -->
<testsuite hostname="DESKTOP-KLMO8CO" failures="0" tests="4" name="com.tutorialsNinja.qa.testcases.RegisterTest" time="23.550" errors="0" timestamp="2024-07-03T14:22:28 IST" skipped="0">
  <testcase classname="com.tutorialsNinja.qa.testcases.RegisterTest" name="VerifyRegisteringAccountWithMandatoryFields" time="6.287"/>
  <testcase classname="com.tutorialsNinja.qa.testcases.RegisterTest" name="VerifyRegisteringAccountByProvidingAllFields" time="6.420"/>
  <testcase classname="com.tutorialsNinja.qa.testcases.RegisterTest" name="VerifyRegisteringAccountByExistingEmailAddress" time="5.901"/>
  <testcase classname="com.tutorialsNinja.qa.testcases.RegisterTest" name="VerifyRegisteringAccountWithoutFillingAnyDetails" time="4.942"/>
</testsuite> <!-- com.tutorialsNinja.qa.testcases.RegisterTest -->
